Arguments: 
  /Users/dtn/.nvm/versions/node/v16.13.2/bin/node /opt/homebrew/Cellar/yarn/1.22.17_2/libexec/bin/yarn.js i

PATH: 
  /Applications/Postgres.app/Contents/Versions/13/bin:/Users/dtn/scripts/bin:/Users/dtn/.nvm/versions/node/v16.13.2/bin:/opt/homebrew/bin:/opt/homebrew/sbin:/usr/local/bin:/usr/bin:/bin:/usr/sbin:/sbin:/usr/local/munki

Yarn version: 
  1.22.17

Node version: 
  16.13.2

Platform: 
  darwin arm64

Trace: 
  SyntaxError: /Users/dtn/Desktop/Programming/Personal/minesweeper/package.json: Unexpected token } in JSON at position 934
      at JSON.parse (<anonymous>)
      at /opt/homebrew/Cellar/yarn/1.22.17_2/libexec/lib/cli.js:1625:59
      at Generator.next (<anonymous>)
      at step (/opt/homebrew/Cellar/yarn/1.22.17_2/libexec/lib/cli.js:310:30)
      at /opt/homebrew/Cellar/yarn/1.22.17_2/libexec/lib/cli.js:321:13

npm manifest: 
  {
    "name": "minesweeper",
    "version": "0.1.0",
    "private": true,
    "scripts": {
      "dev": "next dev",
      "build": "next build",
      "start": "next start",
      "lint": "next lint",
      "eslint": "eslint \"**/*.+(js|jsx|ts|tsx)\"",
      "eslint:fix": "eslint --fix \"**/*.+(js|jsx|ts|tsx)\"",
      "prettier": "prettier --check \"**/*.+(js|jsx|ts|tsx|json|yml|yaml|md|css)\"",
      "prettier:fix": "prettier --write \"**/*.+(js|jsx|ts|tsx|json|yml|yaml|md|css)\"",
      "prepare": "husky install",
      "pre-commit": "lint-staged",
      "cypress": "cypress open",
      "cypress:headless": "cypress run"
    },
    "dependencies": {
      "@fortawesome/fontawesome-svg-core": "^6.2.0",
      "@fortawesome/free-solid-svg-icons": "^6.2.0",
      "@fortawesome/react-fontawesome": "^0.2.0",
      "@headlessui/react": "^1.7.3",
      "classnames": "^2.3.2",
      "next": "13.0.0",
      "react": "18.2.0",
      "react-dom": "18.2.0",
      "sass": "^1.55.0",
    },
    "devDependencies": {
      "@babel/eslint-parser": "^7.19.1",
      "@babel/eslint-plugin": "^7.19.1",
      "@types/node": "18.8.3",
      "@types/react": "^18.0.21",
      "@types/react-dom": "18.0.6",
      "autoprefixer": "^10.4.12",
      "babel-eslint": "^10.1.0",
      "cypress": "^10.10.0",
      "eslint": "^8.26.0",
      "eslint-config-airbnb": "^18.2.1",
      "eslint-config-next": "12.3.1",
      "eslint-config-prettier": "^8.5.0",
      "eslint-plugin-import": "^2.24.2",
      "eslint-plugin-jsx-a11y": "^6.4.1",
      "eslint-plugin-prettier": "^4.0.0",
      "eslint-plugin-react": "^7.25.1",
      "eslint-plugin-react-hooks": "^4.2.0",
      "husky": "^7.0.0",
      "lint-staged": "^11.1.2",
      "postcss": "^8.4.18",
      "prettier": "2.4.0",
      "tailwindcss": "^3.2.1",
      "typescript": "^4.8.4"
    },
    "lint-staged": {
      "./*/**/*.{js,jsx,ts,tsx}": [
        "npm run prettier:fix",
        "npm run eslint:fix"
      ],
      "*.{json,md}": [
        "npm run prettier:fix"
      ]
    }
  }

yarn manifest: 
  No manifest

Lockfile: 
  No lockfile
